Determining if the pthread_create exist failed with the following output:
Change Dir: /home/mark/Github/ROS-Gui-Chatter/TestingROS_Gui/src/cmake-build-debug/CMakeFiles/CMakeTmp

Run Build Command:"/usr/bin/make" "cmTC_04b52/fast"
/usr/bin/make -f CMakeFiles/cmTC_04b52.dir/build.make CMakeFiles/cmTC_04b52.dir/build
make[1]: Entering directory '/home/mark/Github/ROS-Gui-Chatter/TestingROS_Gui/src/cmake-build-debug/CMakeFiles/CMakeTmp'
Building C object CMakeFiles/cmTC_04b52.dir/CheckSymbolExists.c.o
/usr/bin/cc    -o CMakeFiles/cmTC_04b52.dir/CheckSymbolExists.c.o   -c /home/mark/Github/ROS-Gui-Chatter/TestingROS_Gui/src/cmake-build-debug/CMakeFiles/CMakeTmp/CheckSymbolExists.c
Linking C executable cmTC_04b52
/home/mark/clion-2018.1.1/bin/cmake/bin/cmake -E cmake_link_script CMakeFiles/cmTC_04b52.dir/link.txt --verbose=1
/usr/bin/cc      -rdynamic CMakeFiles/cmTC_04b52.dir/CheckSymbolExists.c.o  -o cmTC_04b52 
CMakeFiles/cmTC_04b52.dir/CheckSymbolExists.c.o: In function `main':
CheckSymbolExists.c:(.text+0x16): undefined reference to `pthread_create'
collect2: error: ld returned 1 exit status
CMakeFiles/cmTC_04b52.dir/build.make:97: recipe for target 'cmTC_04b52' failed
make[1]: *** [cmTC_04b52] Error 1
make[1]: Leaving directory '/home/mark/Github/ROS-Gui-Chatter/TestingROS_Gui/src/cmake-build-debug/CMakeFiles/CMakeTmp'
Makefile:126: recipe for target 'cmTC_04b52/fast' failed
make: *** [cmTC_04b52/fast] Error 2

File /home/mark/Github/ROS-Gui-Chatter/TestingROS_Gui/src/cmake-build-debug/CMakeFiles/CMakeTmp/CheckSymbolExists.c:
/* */
#include <pthread.h>

int main(int argc, char** argv)
{
  (void)argv;
#ifndef pthread_create
  return ((int*)(&pthread_create))[argc];
#else
  (void)argc;
  return 0;
#endif
}

Determining if the function pthread_create exists in the pthreads failed with the following output:
Change Dir: /home/mark/Github/ROS-Gui-Chatter/TestingROS_Gui/src/cmake-build-debug/CMakeFiles/CMakeTmp

Run Build Command:"/usr/bin/make" "cmTC_6c2b9/fast"
/usr/bin/make -f CMakeFiles/cmTC_6c2b9.dir/build.make CMakeFiles/cmTC_6c2b9.dir/build
make[1]: Entering directory '/home/mark/Github/ROS-Gui-Chatter/TestingROS_Gui/src/cmake-build-debug/CMakeFiles/CMakeTmp'
Building C object CMakeFiles/cmTC_6c2b9.dir/CheckFunctionExists.c.o
/usr/bin/cc   -DCHECK_FUNCTION_EXISTS=pthread_create   -o CMakeFiles/cmTC_6c2b9.dir/CheckFunctionExists.c.o   -c /home/mark/clion-2018.1.1/bin/cmake/share/cmake-3.10/Modules/CheckFunctionExists.c
Linking C executable cmTC_6c2b9
/home/mark/clion-2018.1.1/bin/cmake/bin/cmake -E cmake_link_script CMakeFiles/cmTC_6c2b9.dir/link.txt --verbose=1
/usr/bin/cc  -DCHECK_FUNCTION_EXISTS=pthread_create    -rdynamic CMakeFiles/cmTC_6c2b9.dir/CheckFunctionExists.c.o  -o cmTC_6c2b9 -lpthreads 
/usr/bin/ld: cannot find -lpthreads
collect2: error: ld returned 1 exit status
CMakeFiles/cmTC_6c2b9.dir/build.make:97: recipe for target 'cmTC_6c2b9' failed
make[1]: *** [cmTC_6c2b9] Error 1
make[1]: Leaving directory '/home/mark/Github/ROS-Gui-Chatter/TestingROS_Gui/src/cmake-build-debug/CMakeFiles/CMakeTmp'
Makefile:126: recipe for target 'cmTC_6c2b9/fast' failed
make: *** [cmTC_6c2b9/fast] Error 2


Determining if the Q_WS_WIN exist failed with the following output:
Change Dir: /home/mark/Github/ROS-Gui-Chatter/TestingROS_Gui/src/cmake-build-debug/CMakeFiles/CMakeTmp

Run Build Command:"/usr/bin/make" "cmTC_33a23/fast"
/usr/bin/make -f CMakeFiles/cmTC_33a23.dir/build.make CMakeFiles/cmTC_33a23.dir/build
make[1]: Entering directory '/home/mark/Github/ROS-Gui-Chatter/TestingROS_Gui/src/cmake-build-debug/CMakeFiles/CMakeTmp'
Building CXX object CMakeFiles/cmTC_33a23.dir/CheckSymbolExists.cxx.o
/usr/bin/c++   -I/usr/include/qt4   -o CMakeFiles/cmTC_33a23.dir/CheckSymbolExists.cxx.o -c /home/mark/Github/ROS-Gui-Chatter/TestingROS_Gui/src/cmake-build-debug/CMakeFiles/CMakeTmp/CheckSymbolExists.cxx
/home/mark/Github/ROS-Gui-Chatter/TestingROS_Gui/src/cmake-build-debug/CMakeFiles/CMakeTmp/CheckSymbolExists.cxx: In function ‘int main(int, char**)’:
/home/mark/Github/ROS-Gui-Chatter/TestingROS_Gui/src/cmake-build-debug/CMakeFiles/CMakeTmp/CheckSymbolExists.cxx:8:19: error: ‘Q_WS_WIN’ was not declared in this scope
   return ((int*)(&Q_WS_WIN))[argc];
                   ^
CMakeFiles/cmTC_33a23.dir/build.make:65: recipe for target 'CMakeFiles/cmTC_33a23.dir/CheckSymbolExists.cxx.o' failed
make[1]: *** [CMakeFiles/cmTC_33a23.dir/CheckSymbolExists.cxx.o] Error 1
make[1]: Leaving directory '/home/mark/Github/ROS-Gui-Chatter/TestingROS_Gui/src/cmake-build-debug/CMakeFiles/CMakeTmp'
Makefile:126: recipe for target 'cmTC_33a23/fast' failed
make: *** [cmTC_33a23/fast] Error 2

File /home/mark/Github/ROS-Gui-Chatter/TestingROS_Gui/src/cmake-build-debug/CMakeFiles/CMakeTmp/CheckSymbolExists.cxx:
/* */
#include <QtCore/qglobal.h>

int main(int argc, char** argv)
{
  (void)argv;
#ifndef Q_WS_WIN
  return ((int*)(&Q_WS_WIN))[argc];
#else
  (void)argc;
  return 0;
#endif
}

Determining if the Q_WS_QWS exist failed with the following output:
Change Dir: /home/mark/Github/ROS-Gui-Chatter/TestingROS_Gui/src/cmake-build-debug/CMakeFiles/CMakeTmp

Run Build Command:"/usr/bin/make" "cmTC_e4db7/fast"
/usr/bin/make -f CMakeFiles/cmTC_e4db7.dir/build.make CMakeFiles/cmTC_e4db7.dir/build
make[1]: Entering directory '/home/mark/Github/ROS-Gui-Chatter/TestingROS_Gui/src/cmake-build-debug/CMakeFiles/CMakeTmp'
Building CXX object CMakeFiles/cmTC_e4db7.dir/CheckSymbolExists.cxx.o
/usr/bin/c++   -I/usr/include/qt4   -o CMakeFiles/cmTC_e4db7.dir/CheckSymbolExists.cxx.o -c /home/mark/Github/ROS-Gui-Chatter/TestingROS_Gui/src/cmake-build-debug/CMakeFiles/CMakeTmp/CheckSymbolExists.cxx
/home/mark/Github/ROS-Gui-Chatter/TestingROS_Gui/src/cmake-build-debug/CMakeFiles/CMakeTmp/CheckSymbolExists.cxx: In function ‘int main(int, char**)’:
/home/mark/Github/ROS-Gui-Chatter/TestingROS_Gui/src/cmake-build-debug/CMakeFiles/CMakeTmp/CheckSymbolExists.cxx:8:19: error: ‘Q_WS_QWS’ was not declared in this scope
   return ((int*)(&Q_WS_QWS))[argc];
                   ^
CMakeFiles/cmTC_e4db7.dir/build.make:65: recipe for target 'CMakeFiles/cmTC_e4db7.dir/CheckSymbolExists.cxx.o' failed
make[1]: *** [CMakeFiles/cmTC_e4db7.dir/CheckSymbolExists.cxx.o] Error 1
make[1]: Leaving directory '/home/mark/Github/ROS-Gui-Chatter/TestingROS_Gui/src/cmake-build-debug/CMakeFiles/CMakeTmp'
Makefile:126: recipe for target 'cmTC_e4db7/fast' failed
make: *** [cmTC_e4db7/fast] Error 2

File /home/mark/Github/ROS-Gui-Chatter/TestingROS_Gui/src/cmake-build-debug/CMakeFiles/CMakeTmp/CheckSymbolExists.cxx:
/* */
#include <QtCore/qglobal.h>

int main(int argc, char** argv)
{
  (void)argv;
#ifndef Q_WS_QWS
  return ((int*)(&Q_WS_QWS))[argc];
#else
  (void)argc;
  return 0;
#endif
}

Determining if the Q_WS_MAC exist failed with the following output:
Change Dir: /home/mark/Github/ROS-Gui-Chatter/TestingROS_Gui/src/cmake-build-debug/CMakeFiles/CMakeTmp

Run Build Command:"/usr/bin/make" "cmTC_eb139/fast"
/usr/bin/make -f CMakeFiles/cmTC_eb139.dir/build.make CMakeFiles/cmTC_eb139.dir/build
make[1]: Entering directory '/home/mark/Github/ROS-Gui-Chatter/TestingROS_Gui/src/cmake-build-debug/CMakeFiles/CMakeTmp'
Building CXX object CMakeFiles/cmTC_eb139.dir/CheckSymbolExists.cxx.o
/usr/bin/c++   -I/usr/include/qt4   -o CMakeFiles/cmTC_eb139.dir/CheckSymbolExists.cxx.o -c /home/mark/Github/ROS-Gui-Chatter/TestingROS_Gui/src/cmake-build-debug/CMakeFiles/CMakeTmp/CheckSymbolExists.cxx
/home/mark/Github/ROS-Gui-Chatter/TestingROS_Gui/src/cmake-build-debug/CMakeFiles/CMakeTmp/CheckSymbolExists.cxx: In function ‘int main(int, char**)’:
/home/mark/Github/ROS-Gui-Chatter/TestingROS_Gui/src/cmake-build-debug/CMakeFiles/CMakeTmp/CheckSymbolExists.cxx:8:19: error: ‘Q_WS_MAC’ was not declared in this scope
   return ((int*)(&Q_WS_MAC))[argc];
                   ^
CMakeFiles/cmTC_eb139.dir/build.make:65: recipe for target 'CMakeFiles/cmTC_eb139.dir/CheckSymbolExists.cxx.o' failed
make[1]: *** [CMakeFiles/cmTC_eb139.dir/CheckSymbolExists.cxx.o] Error 1
make[1]: Leaving directory '/home/mark/Github/ROS-Gui-Chatter/TestingROS_Gui/src/cmake-build-debug/CMakeFiles/CMakeTmp'
Makefile:126: recipe for target 'cmTC_eb139/fast' failed
make: *** [cmTC_eb139/fast] Error 2

File /home/mark/Github/ROS-Gui-Chatter/TestingROS_Gui/src/cmake-build-debug/CMakeFiles/CMakeTmp/CheckSymbolExists.cxx:
/* */
#include <QtCore/qglobal.h>

int main(int argc, char** argv)
{
  (void)argv;
#ifndef Q_WS_MAC
  return ((int*)(&Q_WS_MAC))[argc];
#else
  (void)argc;
  return 0;
#endif
}

